<?xml version="1.0" encoding="UTF-8"?>
<!-- Generated by org.testng.reporters.JUnitReportReporter -->
<testsuite skipped="0" hostname="DESKTOP-FVII93U" name="com.billing.qa.tcs.PrintPreviewTest" tests="3" failures="0" timestamp="20 Mar 2018 04:03:34 GMT" time="831.559" errors="0">
  <testcase name="checkLogin" time="129.411" classname="com.billing.qa.tcs.PrintPreviewTest"/>
  <testcase name="validatePrintPreview" time="98.719" classname="com.billing.qa.tcs.PrintPreviewTest"/>
  <testcase name="validatePrintFunctionality" time="603.429" classname="com.billing.qa.tcs.PrintPreviewTest"/>
</testsuite> <!-- com.billing.qa.tcs.PrintPreviewTest -->
