<?xml version="1.0" encoding="UTF-8"?>
<!-- Generated by org.testng.reporters.JUnitReportReporter -->
<testsuite skipped="0" hostname="DESKTOP-FVII93U" name="com.billing.qa.tcs.MyBillPageTest" tests="5" failures="0" timestamp="17 Mar 2018 10:54:10 GMT" time="190.006" errors="0">
  <testcase name="checkLogin" time="59.014" classname="com.billing.qa.tcs.MyBillPageTest"/>
  <testcase name="goToBillingPage" time="8.633" classname="com.billing.qa.tcs.MyBillPageTest"/>
  <testcase name="validateTotalChargesForCurrentBill" time="120.185" classname="com.billing.qa.tcs.MyBillPageTest"/>
  <testcase name="validateSelectPreviousBill" time="1.701" classname="com.billing.qa.tcs.MyBillPageTest"/>
  <testcase name="validateTotalChargesForPreviousBill" time="0.473" classname="com.billing.qa.tcs.MyBillPageTest"/>
</testsuite> <!-- com.billing.qa.tcs.MyBillPageTest -->
