<?xml version="1.0" encoding="UTF-8"?>
<!-- Generated by org.testng.reporters.JUnitReportReporter -->
<testsuite skipped="0" hostname="DESKTOP-FVII93U" name="com.billing.qa.tcs.BillUnavailableTest" tests="2" failures="0" timestamp="17 Mar 2018 14:07:51 GMT" time="71.413" errors="0">
  <testcase name="checkLogin" time="56.618" classname="com.billing.qa.tcs.BillUnavailableTest"/>
  <testcase name="validateBillPageForBillUncutScenario" time="14.795" classname="com.billing.qa.tcs.BillUnavailableTest"/>
</testsuite> <!-- com.billing.qa.tcs.BillUnavailableTest -->
