<?xml version="1.0" encoding="UTF-8"?>
<!-- Generated by org.testng.reporters.JUnitReportReporter -->
<testsuite skipped="0" hostname="DESKTOP-FVII93U" name="com.billing.qa.tcs.LoginTest" tests="1" failures="0" timestamp="24 Mar 2018 07:39:34 GMT" time="71.996" errors="0">
  <testcase name="checkLogin" time="71.996" classname="com.billing.qa.tcs.LoginTest"/>
</testsuite> <!-- com.billing.qa.tcs.LoginTest -->
