<?xml version="1.0" encoding="UTF-8"?>
<!-- Generated by org.testng.reporters.JUnitReportReporter -->
<testsuite skipped="0" hostname="DESKTOP-FVII93U" name="com.billing.qa.tcs.OverviewPageTest" tests="1" failures="0" timestamp="11 Mar 2018 11:00:01 GMT" time="96.613" errors="0">
  <testcase name="checkNavigation" time="96.613" classname="com.billing.qa.tcs.OverviewPageTest"/>
</testsuite> <!-- com.billing.qa.tcs.OverviewPageTest -->
