<?xml version="1.0" encoding="UTF-8"?>
<!-- Generated by org.testng.reporters.JUnitReportReporter -->
<testsuite skipped="1" hostname="DESKTOP-FVII93U" name="com.billing.qa.tcs.OverviewPageTest" tests="1" failures="0" timestamp="17 Mar 2018 09:53:52 GMT" time="0.000" errors="0">
  <testcase name="checkNavigation" time="0.000" classname="com.billing.qa.tcs.OverviewPageTest">
    <skipped/>
  </testcase> <!-- checkNavigation -->
</testsuite> <!-- com.billing.qa.tcs.OverviewPageTest -->
